# JRE version: Java(TM) SE Runtime Environment 18.9 (11.0.7+8) (build 11.0.7+8-LTS)
# Java VM: Java HotSpot(TM) 64-Bit Server VM 18.9 (11.0.7+8-LTS, mixed mode, tiered, compressed oops, parallel gc, windows-amd64)
Heap:
 PSYoungGen      total 37376K, used 15599K [0x00000000eab00000, 0x00000000ee280000, 0x0000000100000000)
  eden space 36352K, 40% used [0x00000000eab00000,0x00000000eb93be68,0x00000000ece80000)
  from space 1024K, 100% used [0x00000000ee180000,0x00000000ee280000,0x00000000ee280000)
  to   space 2560K, 0% used [0x00000000edd80000,0x00000000edd80000,0x00000000ee000000)
 ParOldGen       total 249856K, used 184910K [0x00000000c0000000, 0x00000000cf400000, 0x00000000eab00000)
  object space 249856K, 74% used [0x00000000c0000000,0x00000000cb493ba0,0x00000000cf400000)
 Metaspace       used 69264K, capacity 72286K, committed 72576K, reserved 1114112K
  class space    used 6658K, capacity 7743K, committed 7808K, reserved 1048576K
GC Heap History (10 events):
Event: 111.657 GC heap before
{Heap before GC invocations=184 (full 12):
 PSYoungGen      total 51712K, used 12164K [0x00000000eab00000, 0x00000000efd00000, 0x0000000100000000)
  eden space 39424K, 0% used [0x00000000eab00000,0x00000000eab00000,0x00000000ed180000)
  from space 12288K, 98% used [0x00000000ef100000,0x00000000efce1000,0x00000000efd00000)
  to   space 18944K, 0% used [0x00000000ed800000,0x00000000ed800000,0x00000000eea80000)
 ParOldGen       total 333312K, used 319762K [0x00000000c0000000, 0x00000000d4580000, 0x00000000eab00000)
  object space 333312K, 95% used [0x00000000c0000000,0x00000000d3844be8,0x00000000d4580000)
 Metaspace       used 67132K, capacity 70292K, committed 70400K, reserved 1112064K
  class space    used 6537K, capacity 7604K, committed 7680K, reserved 1048576K
}
Event: 112.337 GC heap after
{Heap after GC invocations=184 (full 12):
 PSYoungGen      total 39424K, used 0K [0x00000000eab00000, 0x00000000ef600000, 0x0000000100000000)
  eden space 38912K, 0% used [0x00000000eab00000,0x00000000eab00000,0x00000000ed100000)
  from space 512K, 0% used [0x00000000ed800000,0x00000000ed800000,0x00000000ed880000)
  to   space 18944K, 0% used [0x00000000ee380000,0x00000000ee380000,0x00000000ef600000)
 ParOldGen       total 249856K, used 183753K [0x00000000c0000000, 0x00000000cf400000, 0x00000000eab00000)
  object space 249856K, 73% used [0x00000000c0000000,0x00000000cb3726d0,0x00000000cf400000)
 Metaspace       used 67132K, capacity 70292K, committed 70400K, reserved 1112064K
  class space    used 6537K, capacity 7604K, committed 7680K, reserved 1048576K
}
Event: 126.397 GC heap before
{Heap before GC invocations=185 (full 12):
 PSYoungGen      total 39424K, used 38912K [0x00000000eab00000, 0x00000000ef600000, 0x0000000100000000)
  eden space 38912K, 100% used [0x00000000eab00000,0x00000000ed100000,0x00000000ed100000)
  from space 512K, 0% used [0x00000000ed800000,0x00000000ed800000,0x00000000ed880000)
  to   space 18944K, 0% used [0x00000000ee380000,0x00000000ee380000,0x00000000ef600000)
 ParOldGen       total 249856K, used 183753K [0x00000000c0000000, 0x00000000cf400000, 0x00000000eab00000)
  object space 249856K, 73% used [0x00000000c0000000,0x00000000cb3726d0,0x00000000cf400000)
 Metaspace       used 67801K, capacity 70826K, committed 70912K, reserved 1112064K
  class space    used 6553K, capacity 7606K, committed 7680K, reserved 1048576K
}
Event: 126.419 GC heap after
{Heap after GC invocations=185 (full 12):
 PSYoungGen      total 39424K, used 864K [0x00000000eab00000, 0x00000000ee480000, 0x0000000100000000)
  eden space 38400K, 0% used [0x00000000eab00000,0x00000000eab00000,0x00000000ed080000)
  from space 1024K, 84% used [0x00000000ee380000,0x00000000ee458000,0x00000000ee480000)
  to   space 6656K, 0% used [0x00000000ed780000,0x00000000ed780000,0x00000000ede00000)
 ParOldGen       total 249856K, used 183761K [0x00000000c0000000, 0x00000000cf400000, 0x00000000eab00000)
  object space 249856K, 73% used [0x00000000c0000000,0x00000000cb3746d0,0x00000000cf400000)
 Metaspace       used 67801K, capacity 70826K, committed 70912K, reserved 1112064K
  class space    used 6553K, capacity 7606K, committed 7680K, reserved 1048576K
}
Event: 135.383 GC heap before
{Heap before GC invocations=186 (full 12):
 PSYoungGen      total 39424K, used 39264K [0x00000000eab00000, 0x00000000ee480000, 0x0000000100000000)
  eden space 38400K, 100% used [0x00000000eab00000,0x00000000ed080000,0x00000000ed080000)
  from space 1024K, 84% used [0x00000000ee380000,0x00000000ee458000,0x00000000ee480000)
  to   space 6656K, 0% used [0x00000000ed780000,0x00000000ed780000,0x00000000ede00000)
 ParOldGen       total 249856K, used 183761K [0x00000000c0000000, 0x00000000cf400000, 0x00000000eab00000)
  object space 249856K, 73% used [0x00000000c0000000,0x00000000cb3746d0,0x00000000cf400000)
 Metaspace       used 68132K, capacity 71186K, committed 71424K, reserved 1114112K
  class space    used 6573K, capacity 7639K, committed 7680K, reserved 1048576K
}
Event: 135.388 GC heap after
{Heap after GC invocations=186 (full 12):
 PSYoungGen      total 44544K, used 816K [0x00000000eab00000, 0x00000000ee400000, 0x0000000100000000)
  eden space 37888K, 0% used [0x00000000eab00000,0x00000000eab00000,0x00000000ed000000)
  from space 6656K, 12% used [0x00000000ed780000,0x00000000ed84c010,0x00000000ede00000)
  to   space 2048K, 0% used [0x00000000ee200000,0x00000000ee200000,0x00000000ee400000)
 ParOldGen       total 249856K, used 183769K [0x00000000c0000000, 0x00000000cf400000, 0x00000000eab00000)
  object space 249856K, 73% used [0x00000000c0000000,0x00000000cb3766d0,0x00000000cf400000)
 Metaspace       used 68132K, capacity 71186K, committed 71424K, reserved 1114112K
  class space    used 6573K, capacity 7639K, committed 7680K, reserved 1048576K
}
Event: 141.547 GC heap before
{Heap before GC invocations=187 (full 12):
 PSYoungGen      total 44544K, used 38704K [0x00000000eab00000, 0x00000000ee400000, 0x0000000100000000)
  eden space 37888K, 100% used [0x00000000eab00000,0x00000000ed000000,0x00000000ed000000)
  from space 6656K, 12% used [0x00000000ed780000,0x00000000ed84c010,0x00000000ede00000)
  to   space 2048K, 0% used [0x00000000ee200000,0x00000000ee200000,0x00000000ee400000)
 ParOldGen       total 249856K, used 183769K [0x00000000c0000000, 0x00000000cf400000, 0x00000000eab00000)
  object space 249856K, 73% used [0x00000000c0000000,0x00000000cb3766d0,0x00000000cf400000)
 Metaspace       used 68293K, capacity 71379K, committed 71424K, reserved 1114112K
  class space    used 6576K, capacity 7639K, committed 7680K, reserved 1048576K
}
Event: 141.551 GC heap after
{Heap after GC invocations=187 (full 12):
 PSYoungGen      total 38400K, used 976K [0x00000000eab00000, 0x00000000ee300000, 0x0000000100000000)
  eden space 37376K, 0% used [0x00000000eab00000,0x00000000eab00000,0x00000000ecf80000)
  from space 1024K, 95% used [0x00000000ee200000,0x00000000ee2f4010,0x00000000ee300000)
  to   space 1536K, 0% used [0x00000000ee000000,0x00000000ee000000,0x00000000ee180000)
 ParOldGen       total 249856K, used 183777K [0x00000000c0000000, 0x00000000cf400000, 0x00000000eab00000)
  object space 249856K, 73% used [0x00000000c0000000,0x00000000cb3786d0,0x00000000cf400000)
 Metaspace       used 68293K, capacity 71379K, committed 71424K, reserved 1114112K
  class space    used 6576K, capacity 7639K, committed 7680K, reserved 1048576K
}
Event: 153.680 GC heap before
{Heap before GC invocations=188 (full 12):
 PSYoungGen      total 38400K, used 38352K [0x00000000eab00000, 0x00000000ee300000, 0x0000000100000000)
  eden space 37376K, 100% used [0x00000000eab00000,0x00000000ecf80000,0x00000000ecf80000)
  from space 1024K, 95% used [0x00000000ee200000,0x00000000ee2f4010,0x00000000ee300000)
  to   space 1536K, 0% used [0x00000000ee000000,0x00000000ee000000,0x00000000ee180000)
 ParOldGen       total 249856K, used 183777K [0x00000000c0000000, 0x00000000cf400000, 0x00000000eab00000)
  object space 249856K, 73% used [0x00000000c0000000,0x00000000cb3786d0,0x00000000cf400000)
 Metaspace       used 68474K, capacity 71479K, committed 71680K, reserved 1114112K
  class space    used 6579K, capacity 7645K, committed 7680K, reserved 1048576K
}
Event: 153.684 GC heap after
{Heap after GC invocations=188 (full 12):
 PSYoungGen      total 38400K, used 928K [0x00000000eab00000, 0x00000000ee280000, 0x0000000100000000)
  eden space 36864K, 0% used [0x00000000eab00000,0x00000000eab00000,0x00000000ecf00000)
  from space 1536K, 60% used [0x00000000ee000000,0x00000000ee0e8000,0x00000000ee180000)
  to   space 1024K, 0% used [0x00000000ee180000,0x00000000ee180000,0x00000000ee280000)
 ParOldGen       total 249856K, used 183785K [0x00000000c0000000, 0x00000000cf400000, 0x00000000eab00000)
  object space 249856K, 73% used [0x00000000c0000000,0x00000000cb37a6d0,0x00000000cf400000)
 Metaspace       used 68474K, capacity 71479K, committed 71680K, reserved 1114112K
  class space    used 6579K, capacity 7645K, committed 7680K, reserved 1048576K
}

